<?xml version="1.0" encoding="UTF-8"?>
<!-- Generated by org.testng.reporters.JUnitReportReporter -->
<testsuite hostname="MacBook-Pro-2.local" failures="0" tests="1" name="Tests.HomePageTests" time="17.755" errors="0" timestamp="2023-09-15T00:50:57 IST" skipped="0">
  <testcase classname="Tests.HomePageTests" name="verifyHomePageTitle" time="17.755"/>
  <system-out/>
</testsuite> <!-- Tests.HomePageTests -->
